<?xml version="1.0" encoding="UTF-8"?>
<testng-results ignored="0" total="5" passed="5" failed="0" skipped="0">
  <reporter-output>
  </reporter-output>
  <suite started-at="2025-10-15T12:39:08 IST" name="Default suite" finished-at="2025-10-15T12:39:12 IST" duration-ms="4487">
    <groups>
    </groups>
    <test started-at="2025-10-15T12:39:08 IST" name="Default test" finished-at="2025-10-15T12:39:12 IST" duration-ms="4487">
      <class name="Headshotphoto.Test1">
        <test-method is-config="true" signature="setUp()[pri:0, instance:Headshotphoto.Test1@478190fc]" started-at="2025-10-15T12:39:08 IST" name="setUp" finished-at="2025-10-15T12:39:10 IST" duration-ms="1989" status="PASS">
          <reporter-output>
          </reporter-output>
        </test-method> <!-- setUp -->
        <test-method signature="verifyHomePageTitleAndLogo()[pri:1, instance:Headshotphoto.Test1@478190fc]" started-at="2025-10-15T12:39:10 IST" name="verifyHomePageTitleAndLogo" description="Verify homepage title and logo visibility" finished-at="2025-10-15T12:39:10 IST" duration-ms="49" status="PASS">
          <reporter-output>
          </reporter-output>
        </test-method> <!-- verifyHomePageTitleAndLogo -->
        <test-method signature="verifyHeroSection()[pri:2, instance:Headshotphoto.Test1@478190fc]" started-at="2025-10-15T12:39:10 IST" name="verifyHeroSection" description="Verify Hero section heading and CTA buttons" finished-at="2025-10-15T12:39:10 IST" duration-ms="34" status="PASS">
          <reporter-output>
          </reporter-output>
        </test-method> <!-- verifyHeroSection -->
        <test-method signature="verifyPricingNavigation()[pri:3, instance:Headshotphoto.Test1@478190fc]" started-at="2025-10-15T12:39:10 IST" name="verifyPricingNavigation" description="Verify Pricing page navigation" finished-at="2025-10-15T12:39:11 IST" duration-ms="1665" status="PASS">
          <reporter-output>
          </reporter-output>
        </test-method> <!-- verifyPricingNavigation -->
        <test-method signature="verifyFAQNavigation()[pri:4, instance:Headshotphoto.Test1@478190fc]" started-at="2025-10-15T12:39:11 IST" name="verifyFAQNavigation" description="Verify FAQ page navigation" finished-at="2025-10-15T12:39:11 IST" duration-ms="17" status="PASS">
          <reporter-output>
          </reporter-output>
        </test-method> <!-- verifyFAQNavigation -->
        <test-method signature="verifyCreateHeadshotButton()[pri:5, instance:Headshotphoto.Test1@478190fc]" started-at="2025-10-15T12:39:11 IST" name="verifyCreateHeadshotButton" description="Verify Create Headshot button redirects correctly" finished-at="2025-10-15T12:39:12 IST" duration-ms="622" status="PASS">
          <reporter-output>
          </reporter-output>
        </test-method> <!-- verifyCreateHeadshotButton -->
        <test-method is-config="true" signature="tearDown()[pri:0, instance:Headshotphoto.Test1@478190fc]" started-at="2025-10-15T12:39:12 IST" name="tearDown" finished-at="2025-10-15T12:39:12 IST" duration-ms="81" status="PASS">
          <reporter-output>
          </reporter-output>
        </test-method> <!-- tearDown -->
      </class> <!-- Headshotphoto.Test1 -->
    </test> <!-- Default test -->
  </suite> <!-- Default suite -->
</testng-results>
