<?xml version="1.0" encoding="UTF-8"?>
<!-- Generated by org.testng.reporters.JUnitXMLReporter -->
<testsuite ignored="0" hostname="shahe-alam" failures="1" tests="5" name="Command line test" time="3.901" errors="0" timestamp="2025-10-15T12:34:43 IST">
  <testcase classname="Headshotphoto.Test1" name="verifyHomePageTitleAndLogo" time="0.119"/>
  <testcase classname="Headshotphoto.Test1" name="verifyHeroSection" time="0.138"/>
  <testcase classname="Headshotphoto.Test1" name="verifyPricingNavigation" time="0.091">
    <failure type="java.lang.AssertionError" message="Pricing page not opened! expected [true] but found [false]">
      <![CDATA[java.lang.AssertionError: Pricing page not opened! expected [true] but found [false]
at Headshotphoto.Test1.verifyPricingNavigation(Test1.java:114)
at java.base/java.util.ArrayList.forEach(ArrayList.java:1511)
... Removed 40 stack frames]]>
    </failure>
  </testcase> <!-- verifyPricingNavigation -->
  <testcase classname="Headshotphoto.Test1" name="verifyFAQNavigation" time="0.025"/>
  <testcase classname="Headshotphoto.Test1" name="verifyCreateHeadshotButton" time="1.376"/>
</testsuite> <!-- Command line test -->
