<?xml version="1.0" encoding="UTF-8"?>
<!-- Generated by org.testng.reporters.JUnitXMLReporter -->
<testsuite ignored="0" hostname="shahe-alam" failures="0" tests="5" name="Default test" time="4.487" errors="0" timestamp="2025-10-15T12:39:12 IST">
  <testcase classname="Headshotphoto.Test1" name="verifyHomePageTitleAndLogo" time="0.049"/>
  <testcase classname="Headshotphoto.Test1" name="verifyHeroSection" time="0.034"/>
  <testcase classname="Headshotphoto.Test1" name="verifyPricingNavigation" time="1.665"/>
  <testcase classname="Headshotphoto.Test1" name="verifyFAQNavigation" time="0.017"/>
  <testcase classname="Headshotphoto.Test1" name="verifyCreateHeadshotButton" time="0.622"/>
</testsuite> <!-- Default test -->
