<?xml version="1.0" encoding="UTF-8"?>
<!-- Generated by org.testng.reporters.JUnitXMLReporter -->
<testsuite ignored="3" hostname="shahe-alam" failures="0" tests="1" name="Command line test" time="13.729" errors="0" timestamp="2025-10-14T23:48:47 IST">
  <testcase classname="Headshotphoto.Test1" name="testHomePage" time="12.93"/>
  <testcase classname="Headshotphoto.Test1" name="testAboutPage" time="0.0">
    <ignored/>
  </testcase> <!-- testAboutPage -->
  <testcase classname="Headshotphoto.Test1" name="testServicesPage" time="0.0">
    <ignored/>
  </testcase> <!-- testServicesPage -->
  <testcase classname="Headshotphoto.Test1" name="testContactPage" time="0.0">
    <ignored/>
  </testcase> <!-- testContactPage -->
</testsuite> <!-- Command line test -->
