<?xml version="1.0" encoding="UTF-8"?>
<testng-results ignored="0" total="5" passed="4" failed="1" skipped="0">
  <reporter-output>
  </reporter-output>
  <suite started-at="2025-10-15T12:34:39 IST" name="Command line suite" finished-at="2025-10-15T12:34:43 IST" duration-ms="3901">
    <groups>
    </groups>
    <test started-at="2025-10-15T12:34:39 IST" name="Command line test" finished-at="2025-10-15T12:34:43 IST" duration-ms="3901">
      <class name="Headshotphoto.Test1">
        <test-method is-config="true" signature="setUp()[pri:0, instance:Headshotphoto.Test1@5e25a92e]" started-at="2025-10-15T12:34:39 IST" name="setUp" finished-at="2025-10-15T12:34:41 IST" duration-ms="2040" status="PASS">
          <reporter-output>
          </reporter-output>
        </test-method> <!-- setUp -->
        <test-method signature="verifyHomePageTitleAndLogo()[pri:1, instance:Headshotphoto.Test1@5e25a92e]" started-at="2025-10-15T12:34:41 IST" name="verifyHomePageTitleAndLogo" description="Verify homepage title and logo visibility" finished-at="2025-10-15T12:34:41 IST" duration-ms="119" status="PASS">
          <reporter-output>
          </reporter-output>
        </test-method> <!-- verifyHomePageTitleAndLogo -->
        <test-method signature="verifyHeroSection()[pri:2, instance:Headshotphoto.Test1@5e25a92e]" started-at="2025-10-15T12:34:41 IST" name="verifyHeroSection" description="Verify Hero section heading and CTA buttons" finished-at="2025-10-15T12:34:41 IST" duration-ms="138" status="PASS">
          <reporter-output>
          </reporter-output>
        </test-method> <!-- verifyHeroSection -->
        <test-method signature="verifyPricingNavigation()[pri:3, instance:Headshotphoto.Test1@5e25a92e]" started-at="2025-10-15T12:34:41 IST" name="verifyPricingNavigation" description="Verify Pricing page navigation" finished-at="2025-10-15T12:34:41 IST" duration-ms="91" status="FAIL">
          <exception class="java.lang.AssertionError">
            <message>
              <![CDATA[Pricing page not opened! expected [true] but found [false]]]>
            </message>
            <full-stacktrace>
              <![CDATA[java.lang.AssertionError: Pricing page not opened! expected [true] but found [false]
at org.testng.Assert.fail(Assert.java:111)
at org.testng.Assert.failNotEquals(Assert.java:1578)
at org.testng.Assert.assertTrue(Assert.java:57)
at Headshotphoto.Test1.verifyPricingNavigation(Test1.java:114)
at java.base/jdk.internal.reflect.NativeMethodAccessorImpl.invoke0(Native Method)
at java.base/jdk.internal.reflect.NativeMethodAccessorImpl.invoke(NativeMethodAccessorImpl.java:77)
at java.base/jdk.internal.reflect.DelegatingMethodAccessorImpl.invoke(DelegatingMethodAccessorImpl.java:43)
at java.base/java.lang.reflect.Method.invoke(Method.java:569)
at org.testng.internal.invokers.MethodInvocationHelper.invokeMethod(MethodInvocationHelper.java:141)
at org.testng.internal.invokers.TestInvoker.invokeMethod(TestInvoker.java:686)
at org.testng.internal.invokers.TestInvoker.invokeTestMethod(TestInvoker.java:230)
at org.testng.internal.invokers.MethodRunner.runInSequence(MethodRunner.java:63)
at org.testng.internal.invokers.TestInvoker$MethodInvocationAgent.invoke(TestInvoker.java:992)
at org.testng.internal.invokers.TestInvoker.invokeTestMethods(TestInvoker.java:203)
at org.testng.internal.invokers.TestMethodWorker.invokeTestMethods(TestMethodWorker.java:154)
at org.testng.internal.invokers.TestMethodWorker.run(TestMethodWorker.java:134)
at java.base/java.util.ArrayList.forEach(ArrayList.java:1511)
at org.testng.TestRunner.privateRun(TestRunner.java:739)
at org.testng.TestRunner.run(TestRunner.java:614)
at org.testng.SuiteRunner.runTest(SuiteRunner.java:421)
at org.testng.SuiteRunner.runSequentially(SuiteRunner.java:413)
at org.testng.SuiteRunner.privateRun(SuiteRunner.java:373)
at org.testng.SuiteRunner.run(SuiteRunner.java:312)
at org.testng.SuiteRunnerWorker.runSuite(SuiteRunnerWorker.java:52)
at org.testng.SuiteRunnerWorker.run(SuiteRunnerWorker.java:95)
at org.testng.TestNG.runSuitesSequentially(TestNG.java:1274)
at org.testng.TestNG.runSuitesLocally(TestNG.java:1208)
at org.testng.TestNG.runSuites(TestNG.java:1112)
at org.testng.TestNG.run(TestNG.java:1079)
at org.apache.maven.surefire.testng.TestNGExecutor.run(TestNGExecutor.java:77)
at org.apache.maven.surefire.testng.TestNGDirectoryTestSuite.executeMulti(TestNGDirectoryTestSuite.java:159)
at org.apache.maven.surefire.testng.TestNGDirectoryTestSuite.execute(TestNGDirectoryTestSuite.java:99)
at org.apache.maven.surefire.testng.TestNGProvider.invoke(TestNGProvider.java:106)
at java.base/jdk.internal.reflect.NativeMethodAccessorImpl.invoke0(Native Method)
at java.base/jdk.internal.reflect.NativeMethodAccessorImpl.invoke(NativeMethodAccessorImpl.java:77)
at java.base/jdk.internal.reflect.DelegatingMethodAccessorImpl.invoke(DelegatingMethodAccessorImpl.java:43)
at java.base/java.lang.reflect.Method.invoke(Method.java:569)
at org.apache.maven.surefire.util.ReflectionUtils.invokeMethodWithArray(ReflectionUtils.java:189)
at org.apache.maven.surefire.booter.ProviderFactory$ProviderProxy.invoke(ProviderFactory.java:165)
at org.apache.maven.surefire.booter.ProviderFactory.invokeProvider(ProviderFactory.java:85)
at org.apache.maven.surefire.booter.ForkedBooter.runSuitesInProcess(ForkedBooter.java:115)
at org.apache.maven.surefire.booter.ForkedBooter.main(ForkedBooter.java:75)
]]>
            </full-stacktrace>
          </exception> <!-- java.lang.AssertionError -->
          <reporter-output>
          </reporter-output>
        </test-method> <!-- verifyPricingNavigation -->
        <test-method signature="verifyFAQNavigation()[pri:4, instance:Headshotphoto.Test1@5e25a92e]" started-at="2025-10-15T12:34:41 IST" name="verifyFAQNavigation" description="Verify FAQ page navigation" finished-at="2025-10-15T12:34:41 IST" duration-ms="25" status="PASS">
          <reporter-output>
          </reporter-output>
        </test-method> <!-- verifyFAQNavigation -->
        <test-method signature="verifyCreateHeadshotButton()[pri:5, instance:Headshotphoto.Test1@5e25a92e]" started-at="2025-10-15T12:34:41 IST" name="verifyCreateHeadshotButton" description="Verify Create Headshot button redirects correctly" finished-at="2025-10-15T12:34:43 IST" duration-ms="1376" status="PASS">
          <reporter-output>
          </reporter-output>
        </test-method> <!-- verifyCreateHeadshotButton -->
        <test-method is-config="true" signature="tearDown()[pri:0, instance:Headshotphoto.Test1@5e25a92e]" started-at="2025-10-15T12:34:43 IST" name="tearDown" finished-at="2025-10-15T12:34:43 IST" duration-ms="79" status="PASS">
          <reporter-output>
          </reporter-output>
        </test-method> <!-- tearDown -->
      </class> <!-- Headshotphoto.Test1 -->
    </test> <!-- Command line test -->
  </suite> <!-- Command line suite -->
</testng-results>
